********************************************************************************
DUPLICATOR-LITE PACKAGE-LOG: 26 March 2019 9 h 12 min
NOTICE: Do NOT post to public sites or forums 
********************************************************************************
VERSION:	1.3.10
WORDPRESS:	5.1.1
PHP INFO:	7.2.14-1+ubuntu16.04.1+deb.sury.org+1 | SAPI: apache2handler
SERVER:		Apache/2.4.18 (Ubuntu) 
PHP TIME LIMIT: (0) no time limit imposed 
PHP MAX MEMORY: 4294967296 (128M default) 
MEMORY STACK: 26MB 

********************************************************************************
DATABASE:
********************************************************************************
BUILD MODE:   MYSQLDUMP
MYSQLTIMEOUT: 5000
MYSQLDUMP:    Is Supported 
SQL CREATED: 20190326_sakura_c85704ba5c56a0079662_20190326091046_database.sql 
SQL FILE SIZE: 815.92KB (835501) 
SQL FILE TIME: 2019-03-26 09:13:00 
SQL RUNTIME: 11.79 sec. 

******************************************************************************** 
ARCHIVE (ZIP): 
******************************************************************************** 
ARCHIVE DIR:  /var/www/html/spe_wordpress/sakura-cafe/wp 
ARCHIVE FILE: 20190326_sakura_c85704ba5c56a0079662_20190326091046_archive.zip 
FILTERS: *OFF* 
DIRS:
	not set 
FILES:
	not set 
EXTS:  not set 
---------------------------------------- 
COMPRESSING 
SIZE:	191.66MB 
STATS:	Dirs 3,081 | Files 21,213 
SQL ADDED: 20190326_sakura_c85704ba5c56a0079662_20190326091046_database.sql 
ZipArchive Object
(
    [status] => 0
    [statusSys] => 0
    [numFiles] => 24294
    [filename] => /var/www/html/spe_wordpress/sakura-cafe/wp/wp-snapshots/tmp/20190326_sakura_c85704ba5c56a0079662_20190326091046_archive.zip
    [comment] => 
)
 
FILE ADDED TO ZIP: 24293 
COMPRESSION RESULT: '1' 
COMPRESSED SIZE: 61.93MB 
ARCHIVE RUNTIME: 174.77 sec. 
MEMORY STACK: 33.08MB 
building installer 
add_extra_files1 
add_extra_files2 
add_extra_files3 
add_extra_files4 
Doing archive file check 
add_extra_files5 
add_extra_files6 
add_extra_files8 
Successfully opened zip /var/www/html/spe_wordpress/sakura-cafe/wp/wp-snapshots/tmp/20190326_sakura_c85704ba5c56a0079662_20190326091046_archive.zip 
Adding enhanced installer files to archive using ZipArchive 
Installer files added to archive 
Added to archive 
After ziparchive close when adding installer 

******************************************************************************** 
INTEGRITY CHECKS: 
******************************************************************************** 
SQL FILE: 815.92KB 
INSTALLER FILE: 207.32KB 
ARCHIVE FILE: 63MB  
EXPECTED FILE/DIRECTORY COUNT: 24,294 
ACTUAL FILE/DIRECTORY COUNT: 24,293 
ARCHIVE CONSISTENCY TEST: Pass 

********************************************************************************
RECORD ID:[1]
TOTAL PROCESS RUNTIME: 189.25 sec.
PEAK PHP MEMORY USED: 39.08MB
DONE PROCESSING => 20190326_sakura 26 March 2019 9 h 15 min
 
