2019-04-03T08:05:54+00:00 CRITICAL Uncaught Error: Call to undefined function register_news() in /var/www/html/spe_wordpress/sakura-cafe/content/plugins/sakura-settings/sakura-settings.php:19
Stack trace:
#0 /var/www/html/spe_wordpress/sakura-cafe/content/plugins/sakura-settings/sakura-settings.php(228): sakura_register_news()
#1 /var/www/html/spe_wordpress/sakura-cafe/wp/wp-includes/class-wp-hook.php(286): {closure}(false)
#2 /var/www/html/spe_wordpress/sakura-cafe/wp/wp-includes/class-wp-hook.php(310): WP_Hook->apply_filters('', Array)
#3 /var/www/html/spe_wordpress/sakura-cafe/wp/wp-includes/plugin.php(465): WP_Hook->do_action(Array)
#4 /var/www/html/spe_wordpress/sakura-cafe/wp/wp-admin/includes/plugin.php(660): do_action('activate_sakura...', false)
#5 /var/www/html/spe_wordpress/sakura-cafe/wp/wp-admin/plugins.php(44): activate_plugin('sakura-settings...', 'http://localhos...', false)
#6 {main}
  thrown dans /var/www/html/spe_wordpress/sakura-cafe/content/plugins/sakura-settings/sakura-settings.php à la ligne 19

2019-04-03T08:05:55+00:00 CRITICAL Uncaught Error: Call to undefined function register_news() in /var/www/html/spe_wordpress/sakura-cafe/content/plugins/sakura-settings/sakura-settings.php:19
Stack trace:
#0 /var/www/html/spe_wordpress/sakura-cafe/content/plugins/sakura-settings/sakura-settings.php(228): sakura_register_news()
#1 /var/www/html/spe_wordpress/sakura-cafe/wp/wp-includes/class-wp-hook.php(286): {closure}('')
#2 /var/www/html/spe_wordpress/sakura-cafe/wp/wp-includes/class-wp-hook.php(310): WP_Hook->apply_filters('', Array)
#3 /var/www/html/spe_wordpress/sakura-cafe/wp/wp-includes/plugin.php(465): WP_Hook->do_action(Array)
#4 /var/www/html/spe_wordpress/sakura-cafe/wp/wp-admin/plugins.php(177): do_action('activate_sakura...')
#5 {main}
  thrown dans /var/www/html/spe_wordpress/sakura-cafe/content/plugins/sakura-settings/sakura-settings.php à la ligne 19

2019-04-03T08:05:56+00:00 CRITICAL Uncaught Error: Call to undefined function register_news() in /var/www/html/spe_wordpress/sakura-cafe/content/plugins/sakura-settings/sakura-settings.php:19
Stack trace:
#0 /var/www/html/spe_wordpress/sakura-cafe/content/plugins/sakura-settings/sakura-settings.php(228): sakura_register_news()
#1 /var/www/html/spe_wordpress/sakura-cafe/wp/wp-includes/class-wp-hook.php(286): {closure}('')
#2 /var/www/html/spe_wordpress/sakura-cafe/wp/wp-includes/class-wp-hook.php(310): WP_Hook->apply_filters('', Array)
#3 /var/www/html/spe_wordpress/sakura-cafe/wp/wp-includes/plugin.php(465): WP_Hook->do_action(Array)
#4 /var/www/html/spe_wordpress/sakura-cafe/wp/wp-admin/plugins.php(177): do_action('activate_sakura...')
#5 {main}
  thrown dans /var/www/html/spe_wordpress/sakura-cafe/content/plugins/sakura-settings/sakura-settings.php à la ligne 19

2019-04-03T08:06:10+00:00 CRITICAL Uncaught Error: Call to undefined function register_news() in /var/www/html/spe_wordpress/sakura-cafe/content/plugins/sakura-settings/sakura-settings.php:19
Stack trace:
#0 /var/www/html/spe_wordpress/sakura-cafe/content/plugins/sakura-settings/sakura-settings.php(228): sakura_register_news()
#1 /var/www/html/spe_wordpress/sakura-cafe/wp/wp-includes/class-wp-hook.php(286): {closure}(false)
#2 /var/www/html/spe_wordpress/sakura-cafe/wp/wp-includes/class-wp-hook.php(310): WP_Hook->apply_filters('', Array)
#3 /var/www/html/spe_wordpress/sakura-cafe/wp/wp-includes/plugin.php(465): WP_Hook->do_action(Array)
#4 /var/www/html/spe_wordpress/sakura-cafe/wp/wp-admin/includes/plugin.php(660): do_action('activate_sakura...', false)
#5 /var/www/html/spe_wordpress/sakura-cafe/wp/wp-admin/plugins.php(44): activate_plugin('sakura-settings...', 'http://localhos...', false)
#6 {main}
  thrown dans /var/www/html/spe_wordpress/sakura-cafe/content/plugins/sakura-settings/sakura-settings.php à la ligne 19

2019-04-03T08:06:11+00:00 CRITICAL Uncaught Error: Call to undefined function register_news() in /var/www/html/spe_wordpress/sakura-cafe/content/plugins/sakura-settings/sakura-settings.php:19
Stack trace:
#0 /var/www/html/spe_wordpress/sakura-cafe/content/plugins/sakura-settings/sakura-settings.php(228): sakura_register_news()
#1 /var/www/html/spe_wordpress/sakura-cafe/wp/wp-includes/class-wp-hook.php(286): {closure}('')
#2 /var/www/html/spe_wordpress/sakura-cafe/wp/wp-includes/class-wp-hook.php(310): WP_Hook->apply_filters('', Array)
#3 /var/www/html/spe_wordpress/sakura-cafe/wp/wp-includes/plugin.php(465): WP_Hook->do_action(Array)
#4 /var/www/html/spe_wordpress/sakura-cafe/wp/wp-admin/plugins.php(177): do_action('activate_sakura...')
#5 {main}
  thrown dans /var/www/html/spe_wordpress/sakura-cafe/content/plugins/sakura-settings/sakura-settings.php à la ligne 19

2019-04-03T08:06:12+00:00 CRITICAL Uncaught Error: Call to undefined function register_news() in /var/www/html/spe_wordpress/sakura-cafe/content/plugins/sakura-settings/sakura-settings.php:19
Stack trace:
#0 /var/www/html/spe_wordpress/sakura-cafe/content/plugins/sakura-settings/sakura-settings.php(228): sakura_register_news()
#1 /var/www/html/spe_wordpress/sakura-cafe/wp/wp-includes/class-wp-hook.php(286): {closure}('')
#2 /var/www/html/spe_wordpress/sakura-cafe/wp/wp-includes/class-wp-hook.php(310): WP_Hook->apply_filters('', Array)
#3 /var/www/html/spe_wordpress/sakura-cafe/wp/wp-includes/plugin.php(465): WP_Hook->do_action(Array)
#4 /var/www/html/spe_wordpress/sakura-cafe/wp/wp-admin/plugins.php(177): do_action('activate_sakura...')
#5 {main}
  thrown dans /var/www/html/spe_wordpress/sakura-cafe/content/plugins/sakura-settings/sakura-settings.php à la ligne 19

2019-04-03T08:10:30+00:00 CRITICAL Uncaught Error: Call to undefined function register_news() in /var/www/html/spe_wordpress/sakura-cafe/content/plugins/sakura-settings/sakura-settings.php:19
Stack trace:
#0 /var/www/html/spe_wordpress/sakura-cafe/content/plugins/sakura-settings/sakura-settings.php(228): sakura_register_news()
#1 /var/www/html/spe_wordpress/sakura-cafe/wp/wp-includes/class-wp-hook.php(286): {closure}(false)
#2 /var/www/html/spe_wordpress/sakura-cafe/wp/wp-includes/class-wp-hook.php(310): WP_Hook->apply_filters('', Array)
#3 /var/www/html/spe_wordpress/sakura-cafe/wp/wp-includes/plugin.php(465): WP_Hook->do_action(Array)
#4 /var/www/html/spe_wordpress/sakura-cafe/wp/wp-admin/includes/plugin.php(660): do_action('activate_sakura...', false)
#5 /var/www/html/spe_wordpress/sakura-cafe/wp/wp-admin/plugins.php(44): activate_plugin('sakura-settings...', 'http://localhos...', false)
#6 {main}
  thrown dans /var/www/html/spe_wordpress/sakura-cafe/content/plugins/sakura-settings/sakura-settings.php à la ligne 19

2019-04-03T08:10:30+00:00 CRITICAL Uncaught Error: Call to undefined function register_news() in /var/www/html/spe_wordpress/sakura-cafe/content/plugins/sakura-settings/sakura-settings.php:19
Stack trace:
#0 /var/www/html/spe_wordpress/sakura-cafe/content/plugins/sakura-settings/sakura-settings.php(228): sakura_register_news()
#1 /var/www/html/spe_wordpress/sakura-cafe/wp/wp-includes/class-wp-hook.php(286): {closure}('')
#2 /var/www/html/spe_wordpress/sakura-cafe/wp/wp-includes/class-wp-hook.php(310): WP_Hook->apply_filters('', Array)
#3 /var/www/html/spe_wordpress/sakura-cafe/wp/wp-includes/plugin.php(465): WP_Hook->do_action(Array)
#4 /var/www/html/spe_wordpress/sakura-cafe/wp/wp-admin/plugins.php(177): do_action('activate_sakura...')
#5 {main}
  thrown dans /var/www/html/spe_wordpress/sakura-cafe/content/plugins/sakura-settings/sakura-settings.php à la ligne 19

2019-04-03T08:10:31+00:00 CRITICAL Uncaught Error: Call to undefined function register_news() in /var/www/html/spe_wordpress/sakura-cafe/content/plugins/sakura-settings/sakura-settings.php:19
Stack trace:
#0 /var/www/html/spe_wordpress/sakura-cafe/content/plugins/sakura-settings/sakura-settings.php(228): sakura_register_news()
#1 /var/www/html/spe_wordpress/sakura-cafe/wp/wp-includes/class-wp-hook.php(286): {closure}('')
#2 /var/www/html/spe_wordpress/sakura-cafe/wp/wp-includes/class-wp-hook.php(310): WP_Hook->apply_filters('', Array)
#3 /var/www/html/spe_wordpress/sakura-cafe/wp/wp-includes/plugin.php(465): WP_Hook->do_action(Array)
#4 /var/www/html/spe_wordpress/sakura-cafe/wp/wp-admin/plugins.php(177): do_action('activate_sakura...')
#5 {main}
  thrown dans /var/www/html/spe_wordpress/sakura-cafe/content/plugins/sakura-settings/sakura-settings.php à la ligne 19

2019-04-03T08:12:07+00:00 CRITICAL syntax error, unexpected 'sakura_register_products' (T_STRING), expecting ']' dans /var/www/html/spe_wordpress/sakura-cafe/content/plugins/sakura-settings/sakura-settings.php à la ligne 147

2019-04-03T08:12:08+00:00 CRITICAL syntax error, unexpected 'sakura_register_products' (T_STRING), expecting ']' dans /var/www/html/spe_wordpress/sakura-cafe/content/plugins/sakura-settings/sakura-settings.php à la ligne 147

2019-04-03T08:12:09+00:00 CRITICAL syntax error, unexpected 'sakura_register_products' (T_STRING), expecting ']' dans /var/www/html/spe_wordpress/sakura-cafe/content/plugins/sakura-settings/sakura-settings.php à la ligne 147

2019-04-03T08:13:08+00:00 CRITICAL syntax error, unexpected 'sakura_register_products' (T_STRING), expecting ']' dans /var/www/html/spe_wordpress/sakura-cafe/content/plugins/sakura-settings/sakura-settings.php à la ligne 147

2019-04-03T08:13:09+00:00 CRITICAL syntax error, unexpected 'sakura_register_products' (T_STRING), expecting ']' dans /var/www/html/spe_wordpress/sakura-cafe/content/plugins/sakura-settings/sakura-settings.php à la ligne 147

2019-04-03T08:13:10+00:00 CRITICAL syntax error, unexpected 'sakura_register_products' (T_STRING), expecting ']' dans /var/www/html/spe_wordpress/sakura-cafe/content/plugins/sakura-settings/sakura-settings.php à la ligne 147

2019-04-03T08:15:11+00:00 CRITICAL Uncaught Error: Call to undefined function register_taxonomy_news() in /var/www/html/spe_wordpress/sakura-cafe/content/plugins/sakura-settings/sakura-settings.php:61
Stack trace:
#0 /var/www/html/spe_wordpress/sakura-cafe/content/plugins/sakura-settings/sakura-settings.php(228): sakura_register_news()
#1 /var/www/html/spe_wordpress/sakura-cafe/wp/wp-includes/class-wp-hook.php(286): {closure}(false)
#2 /var/www/html/spe_wordpress/sakura-cafe/wp/wp-includes/class-wp-hook.php(310): WP_Hook->apply_filters('', Array)
#3 /var/www/html/spe_wordpress/sakura-cafe/wp/wp-includes/plugin.php(465): WP_Hook->do_action(Array)
#4 /var/www/html/spe_wordpress/sakura-cafe/wp/wp-admin/includes/plugin.php(660): do_action('activate_sakura...', false)
#5 /var/www/html/spe_wordpress/sakura-cafe/wp/wp-admin/plugins.php(44): activate_plugin('sakura-settings...', 'http://localhos...', false)
#6 {main}
  thrown dans /var/www/html/spe_wordpress/sakura-cafe/content/plugins/sakura-settings/sakura-settings.php à la ligne 61

2019-04-03T08:15:12+00:00 CRITICAL Uncaught Error: Call to undefined function register_taxonomy_news() in /var/www/html/spe_wordpress/sakura-cafe/content/plugins/sakura-settings/sakura-settings.php:61
Stack trace:
#0 /var/www/html/spe_wordpress/sakura-cafe/content/plugins/sakura-settings/sakura-settings.php(228): sakura_register_news()
#1 /var/www/html/spe_wordpress/sakura-cafe/wp/wp-includes/class-wp-hook.php(286): {closure}('')
#2 /var/www/html/spe_wordpress/sakura-cafe/wp/wp-includes/class-wp-hook.php(310): WP_Hook->apply_filters('', Array)
#3 /var/www/html/spe_wordpress/sakura-cafe/wp/wp-includes/plugin.php(465): WP_Hook->do_action(Array)
#4 /var/www/html/spe_wordpress/sakura-cafe/wp/wp-admin/plugins.php(177): do_action('activate_sakura...')
#5 {main}
  thrown dans /var/www/html/spe_wordpress/sakura-cafe/content/plugins/sakura-settings/sakura-settings.php à la ligne 61

2019-04-03T08:15:12+00:00 CRITICAL Uncaught Error: Call to undefined function register_taxonomy_news() in /var/www/html/spe_wordpress/sakura-cafe/content/plugins/sakura-settings/sakura-settings.php:61
Stack trace:
#0 /var/www/html/spe_wordpress/sakura-cafe/content/plugins/sakura-settings/sakura-settings.php(228): sakura_register_news()
#1 /var/www/html/spe_wordpress/sakura-cafe/wp/wp-includes/class-wp-hook.php(286): {closure}('')
#2 /var/www/html/spe_wordpress/sakura-cafe/wp/wp-includes/class-wp-hook.php(310): WP_Hook->apply_filters('', Array)
#3 /var/www/html/spe_wordpress/sakura-cafe/wp/wp-includes/plugin.php(465): WP_Hook->do_action(Array)
#4 /var/www/html/spe_wordpress/sakura-cafe/wp/wp-admin/plugins.php(177): do_action('activate_sakura...')
#5 {main}
  thrown dans /var/www/html/spe_wordpress/sakura-cafe/content/plugins/sakura-settings/sakura-settings.php à la ligne 61

