2019-03-29T09:09:37+00:00 CRITICAL Uncaught ArgumentCountError: Too few arguments to function wpdb::prepare(), 1 passed in /var/www/html/projet/sakura-cafe/content/plugins/my-gmap/my-gmap.php on line 150 and exactly 2 expected in /var/www/html/projet/sakura-cafe/wp/wp-includes/wp-db.php:1295
Stack trace:
#0 /var/www/html/projet/sakura-cafe/content/plugins/my-gmap/my-gmap.php(150): wpdb->prepare('SELECT * FROM w...')
#1 /var/www/html/projet/sakura-cafe/content/plugins/my-gmap/template.php(25): My_Gmap->getmaplist()
#2 /var/www/html/projet/sakura-cafe/content/plugins/my-gmap/my-gmap.php(48): require_once('/var/www/html/p...')
#3 /var/www/html/projet/sakura-cafe/wp/wp-includes/class-wp-hook.php(286): My_Gmap->gmap_admin_page('')
#4 /var/www/html/projet/sakura-cafe/wp/wp-includes/class-wp-hook.php(310): WP_Hook->apply_filters('', Array)
#5 /var/www/html/projet/sakura-cafe/wp/wp-includes/plugin.php(465): WP_Hook->do_action(Array)
#6 /var/www/html/projet/sakura-cafe/wp/wp-admin/admin.php(253): do_action('settings_page_m...')
#7 /var/www/html/projet/ dans /var/www/html/projet/sakura-cafe/wp/wp-includes/wp-db.php à la ligne 1295

2019-03-29T09:15:08+00:00 CRITICAL Uncaught ArgumentCountError: Too few arguments to function wpdb::prepare(), 1 passed in /var/www/html/projet/sakura-cafe/content/plugins/my-gmap/my-gmap.php on line 150 and exactly 2 expected in /var/www/html/projet/sakura-cafe/wp/wp-includes/wp-db.php:1295
Stack trace:
#0 /var/www/html/projet/sakura-cafe/content/plugins/my-gmap/my-gmap.php(150): wpdb->prepare('SELECT * FROM w...')
#1 /var/www/html/projet/sakura-cafe/content/plugins/my-gmap/template.php(25): My_Gmap->getmaplist()
#2 /var/www/html/projet/sakura-cafe/content/plugins/my-gmap/my-gmap.php(48): require_once('/var/www/html/p...')
#3 /var/www/html/projet/sakura-cafe/wp/wp-includes/class-wp-hook.php(286): My_Gmap->gmap_admin_page('')
#4 /var/www/html/projet/sakura-cafe/wp/wp-includes/class-wp-hook.php(310): WP_Hook->apply_filters('', Array)
#5 /var/www/html/projet/sakura-cafe/wp/wp-includes/plugin.php(465): WP_Hook->do_action(Array)
#6 /var/www/html/projet/sakura-cafe/wp/wp-admin/admin.php(253): do_action('settings_page_m...')
#7 /var/www/html/projet/ dans /var/www/html/projet/sakura-cafe/wp/wp-includes/wp-db.php à la ligne 1295

2019-03-29T09:26:54+00:00 CRITICAL Uncaught ArgumentCountError: Too few arguments to function My_Gmap::getmaplist(), 0 passed in /var/www/html/projet/sakura-cafe/content/plugins/my-gmap/template.php on line 25 and exactly 1 expected in /var/www/html/projet/sakura-cafe/content/plugins/my-gmap/my-gmap.php:145
Stack trace:
#0 /var/www/html/projet/sakura-cafe/content/plugins/my-gmap/template.php(25): My_Gmap->getmaplist()
#1 /var/www/html/projet/sakura-cafe/content/plugins/my-gmap/my-gmap.php(48): require_once('/var/www/html/p...')
#2 /var/www/html/projet/sakura-cafe/wp/wp-includes/class-wp-hook.php(286): My_Gmap->gmap_admin_page('')
#3 /var/www/html/projet/sakura-cafe/wp/wp-includes/class-wp-hook.php(310): WP_Hook->apply_filters('', Array)
#4 /var/www/html/projet/sakura-cafe/wp/wp-includes/plugin.php(465): WP_Hook->do_action(Array)
#5 /var/www/html/projet/sakura-cafe/wp/wp-admin/admin.php(253): do_action('settings_page_m...')
#6 /var/www/html/projet/sakura-cafe/wp/wp-admin/options-general.php(10): require_once('/var/www/html/p...')
#7 {main}
  th dans /var/www/html/projet/sakura-cafe/content/plugins/my-gmap/my-gmap.php à la ligne 145

2019-03-29T09:30:44+00:00 CRITICAL Uncaught ArgumentCountError: Too few arguments to function wpdb::prepare(), 1 passed in /var/www/html/projet/sakura-cafe/content/plugins/my-gmap/my-gmap.php on line 150 and exactly 2 expected in /var/www/html/projet/sakura-cafe/wp/wp-includes/wp-db.php:1295
Stack trace:
#0 /var/www/html/projet/sakura-cafe/content/plugins/my-gmap/my-gmap.php(150): wpdb->prepare('SELECT * FROM w...')
#1 /var/www/html/projet/sakura-cafe/content/plugins/my-gmap/template.php(25): My_Gmap->getmaplist()
#2 /var/www/html/projet/sakura-cafe/content/plugins/my-gmap/my-gmap.php(48): require_once('/var/www/html/p...')
#3 /var/www/html/projet/sakura-cafe/wp/wp-includes/class-wp-hook.php(286): My_Gmap->gmap_admin_page('')
#4 /var/www/html/projet/sakura-cafe/wp/wp-includes/class-wp-hook.php(310): WP_Hook->apply_filters('', Array)
#5 /var/www/html/projet/sakura-cafe/wp/wp-includes/plugin.php(465): WP_Hook->do_action(Array)
#6 /var/www/html/projet/sakura-cafe/wp/wp-admin/admin.php(253): do_action('settings_page_m...')
#7 /var/www/html/projet/ dans /var/www/html/projet/sakura-cafe/wp/wp-includes/wp-db.php à la ligne 1295

2019-03-29T09:31:29+00:00 CRITICAL Uncaught ArgumentCountError: Too few arguments to function wpdb::prepare(), 1 passed in /var/www/html/projet/sakura-cafe/content/plugins/my-gmap/my-gmap.php on line 150 and exactly 2 expected in /var/www/html/projet/sakura-cafe/wp/wp-includes/wp-db.php:1295
Stack trace:
#0 /var/www/html/projet/sakura-cafe/content/plugins/my-gmap/my-gmap.php(150): wpdb->prepare('SELECT * FROM w...')
#1 /var/www/html/projet/sakura-cafe/content/plugins/my-gmap/template.php(25): My_Gmap->getmaplist()
#2 /var/www/html/projet/sakura-cafe/content/plugins/my-gmap/my-gmap.php(48): require_once('/var/www/html/p...')
#3 /var/www/html/projet/sakura-cafe/wp/wp-includes/class-wp-hook.php(286): My_Gmap->gmap_admin_page('')
#4 /var/www/html/projet/sakura-cafe/wp/wp-includes/class-wp-hook.php(310): WP_Hook->apply_filters('', Array)
#5 /var/www/html/projet/sakura-cafe/wp/wp-includes/plugin.php(465): WP_Hook->do_action(Array)
#6 /var/www/html/projet/sakura-cafe/wp/wp-admin/admin.php(253): do_action('settings_page_m...')
#7 /var/www/html/projet/ dans /var/www/html/projet/sakura-cafe/wp/wp-includes/wp-db.php à la ligne 1295

2019-03-29T09:39:02+00:00 CRITICAL Uncaught ArgumentCountError: Too few arguments to function wpdb::prepare(), 1 passed in /var/www/html/projet/sakura-cafe/content/plugins/my-gmap/my-gmap.php on line 150 and exactly 2 expected in /var/www/html/projet/sakura-cafe/wp/wp-includes/wp-db.php:1295
Stack trace:
#0 /var/www/html/projet/sakura-cafe/content/plugins/my-gmap/my-gmap.php(150): wpdb->prepare('SELECT * FROM w...')
#1 /var/www/html/projet/sakura-cafe/content/plugins/my-gmap/template.php(25): My_Gmap->getmaplist()
#2 /var/www/html/projet/sakura-cafe/content/plugins/my-gmap/my-gmap.php(48): require_once('/var/www/html/p...')
#3 /var/www/html/projet/sakura-cafe/wp/wp-includes/class-wp-hook.php(286): My_Gmap->gmap_admin_page('')
#4 /var/www/html/projet/sakura-cafe/wp/wp-includes/class-wp-hook.php(310): WP_Hook->apply_filters('', Array)
#5 /var/www/html/projet/sakura-cafe/wp/wp-includes/plugin.php(465): WP_Hook->do_action(Array)
#6 /var/www/html/projet/sakura-cafe/wp/wp-admin/admin.php(253): do_action('settings_page_m...')
#7 /var/www/html/projet/ dans /var/www/html/projet/sakura-cafe/wp/wp-includes/wp-db.php à la ligne 1295

2019-03-29T09:39:06+00:00 CRITICAL Uncaught ArgumentCountError: Too few arguments to function wpdb::prepare(), 1 passed in /var/www/html/projet/sakura-cafe/content/plugins/my-gmap/my-gmap.php on line 150 and exactly 2 expected in /var/www/html/projet/sakura-cafe/wp/wp-includes/wp-db.php:1295
Stack trace:
#0 /var/www/html/projet/sakura-cafe/content/plugins/my-gmap/my-gmap.php(150): wpdb->prepare('SELECT * FROM w...')
#1 /var/www/html/projet/sakura-cafe/content/plugins/my-gmap/template.php(25): My_Gmap->getmaplist()
#2 /var/www/html/projet/sakura-cafe/content/plugins/my-gmap/my-gmap.php(48): require_once('/var/www/html/p...')
#3 /var/www/html/projet/sakura-cafe/wp/wp-includes/class-wp-hook.php(286): My_Gmap->gmap_admin_page('')
#4 /var/www/html/projet/sakura-cafe/wp/wp-includes/class-wp-hook.php(310): WP_Hook->apply_filters('', Array)
#5 /var/www/html/projet/sakura-cafe/wp/wp-includes/plugin.php(465): WP_Hook->do_action(Array)
#6 /var/www/html/projet/sakura-cafe/wp/wp-admin/admin.php(253): do_action('settings_page_m...')
#7 /var/www/html/projet/ dans /var/www/html/projet/sakura-cafe/wp/wp-includes/wp-db.php à la ligne 1295

2019-03-29T09:39:45+00:00 CRITICAL Uncaught ArgumentCountError: Too few arguments to function wpdb::prepare(), 1 passed in /var/www/html/projet/sakura-cafe/content/plugins/my-gmap/my-gmap.php on line 150 and exactly 2 expected in /var/www/html/projet/sakura-cafe/wp/wp-includes/wp-db.php:1295
Stack trace:
#0 /var/www/html/projet/sakura-cafe/content/plugins/my-gmap/my-gmap.php(150): wpdb->prepare('SELECT * FROM w...')
#1 /var/www/html/projet/sakura-cafe/content/plugins/my-gmap/template.php(25): My_Gmap->getmaplist()
#2 /var/www/html/projet/sakura-cafe/content/plugins/my-gmap/my-gmap.php(48): require_once('/var/www/html/p...')
#3 /var/www/html/projet/sakura-cafe/wp/wp-includes/class-wp-hook.php(286): My_Gmap->gmap_admin_page('')
#4 /var/www/html/projet/sakura-cafe/wp/wp-includes/class-wp-hook.php(310): WP_Hook->apply_filters('', Array)
#5 /var/www/html/projet/sakura-cafe/wp/wp-includes/plugin.php(465): WP_Hook->do_action(Array)
#6 /var/www/html/projet/sakura-cafe/wp/wp-admin/admin.php(253): do_action('settings_page_m...')
#7 /var/www/html/projet/ dans /var/www/html/projet/sakura-cafe/wp/wp-includes/wp-db.php à la ligne 1295

2019-03-29T09:42:41+00:00 CRITICAL Uncaught ArgumentCountError: Too few arguments to function wpdb::prepare(), 1 passed in /var/www/html/projet/sakura-cafe/content/plugins/my-gmap/my-gmap.php on line 150 and exactly 2 expected in /var/www/html/projet/sakura-cafe/wp/wp-includes/wp-db.php:1295
Stack trace:
#0 /var/www/html/projet/sakura-cafe/content/plugins/my-gmap/my-gmap.php(150): wpdb->prepare('SELECT * FROM w...')
#1 /var/www/html/projet/sakura-cafe/content/plugins/my-gmap/template.php(25): My_Gmap->getmaplist()
#2 /var/www/html/projet/sakura-cafe/content/plugins/my-gmap/my-gmap.php(48): require_once('/var/www/html/p...')
#3 /var/www/html/projet/sakura-cafe/wp/wp-includes/class-wp-hook.php(286): My_Gmap->gmap_admin_page('')
#4 /var/www/html/projet/sakura-cafe/wp/wp-includes/class-wp-hook.php(310): WP_Hook->apply_filters('', Array)
#5 /var/www/html/projet/sakura-cafe/wp/wp-includes/plugin.php(465): WP_Hook->do_action(Array)
#6 /var/www/html/projet/sakura-cafe/wp/wp-admin/admin.php(253): do_action('settings_page_m...')
#7 /var/www/html/projet/ dans /var/www/html/projet/sakura-cafe/wp/wp-includes/wp-db.php à la ligne 1295

2019-03-29T09:42:44+00:00 CRITICAL Uncaught ArgumentCountError: Too few arguments to function wpdb::prepare(), 1 passed in /var/www/html/projet/sakura-cafe/content/plugins/my-gmap/my-gmap.php on line 150 and exactly 2 expected in /var/www/html/projet/sakura-cafe/wp/wp-includes/wp-db.php:1295
Stack trace:
#0 /var/www/html/projet/sakura-cafe/content/plugins/my-gmap/my-gmap.php(150): wpdb->prepare('SELECT * FROM w...')
#1 /var/www/html/projet/sakura-cafe/content/plugins/my-gmap/template.php(25): My_Gmap->getmaplist()
#2 /var/www/html/projet/sakura-cafe/content/plugins/my-gmap/my-gmap.php(48): require_once('/var/www/html/p...')
#3 /var/www/html/projet/sakura-cafe/wp/wp-includes/class-wp-hook.php(286): My_Gmap->gmap_admin_page('')
#4 /var/www/html/projet/sakura-cafe/wp/wp-includes/class-wp-hook.php(310): WP_Hook->apply_filters('', Array)
#5 /var/www/html/projet/sakura-cafe/wp/wp-includes/plugin.php(465): WP_Hook->do_action(Array)
#6 /var/www/html/projet/sakura-cafe/wp/wp-admin/admin.php(253): do_action('settings_page_m...')
#7 /var/www/html/projet/ dans /var/www/html/projet/sakura-cafe/wp/wp-includes/wp-db.php à la ligne 1295

2019-03-29T09:42:50+00:00 CRITICAL Uncaught ArgumentCountError: Too few arguments to function wpdb::prepare(), 1 passed in /var/www/html/projet/sakura-cafe/content/plugins/my-gmap/my-gmap.php on line 150 and exactly 2 expected in /var/www/html/projet/sakura-cafe/wp/wp-includes/wp-db.php:1295
Stack trace:
#0 /var/www/html/projet/sakura-cafe/content/plugins/my-gmap/my-gmap.php(150): wpdb->prepare('SELECT * FROM w...')
#1 /var/www/html/projet/sakura-cafe/content/plugins/my-gmap/template.php(25): My_Gmap->getmaplist()
#2 /var/www/html/projet/sakura-cafe/content/plugins/my-gmap/my-gmap.php(48): require_once('/var/www/html/p...')
#3 /var/www/html/projet/sakura-cafe/wp/wp-includes/class-wp-hook.php(286): My_Gmap->gmap_admin_page('')
#4 /var/www/html/projet/sakura-cafe/wp/wp-includes/class-wp-hook.php(310): WP_Hook->apply_filters('', Array)
#5 /var/www/html/projet/sakura-cafe/wp/wp-includes/plugin.php(465): WP_Hook->do_action(Array)
#6 /var/www/html/projet/sakura-cafe/wp/wp-admin/admin.php(253): do_action('settings_page_m...')
#7 /var/www/html/projet/ dans /var/www/html/projet/sakura-cafe/wp/wp-includes/wp-db.php à la ligne 1295

2019-03-29T09:43:08+00:00 CRITICAL Uncaught ArgumentCountError: Too few arguments to function wpdb::prepare(), 1 passed in /var/www/html/projet/sakura-cafe/content/plugins/my-gmap/my-gmap.php on line 150 and exactly 2 expected in /var/www/html/projet/sakura-cafe/wp/wp-includes/wp-db.php:1295
Stack trace:
#0 /var/www/html/projet/sakura-cafe/content/plugins/my-gmap/my-gmap.php(150): wpdb->prepare('SELECT * FROM w...')
#1 /var/www/html/projet/sakura-cafe/content/plugins/my-gmap/template.php(25): My_Gmap->getmaplist()
#2 /var/www/html/projet/sakura-cafe/content/plugins/my-gmap/my-gmap.php(48): require_once('/var/www/html/p...')
#3 /var/www/html/projet/sakura-cafe/wp/wp-includes/class-wp-hook.php(286): My_Gmap->gmap_admin_page('')
#4 /var/www/html/projet/sakura-cafe/wp/wp-includes/class-wp-hook.php(310): WP_Hook->apply_filters('', Array)
#5 /var/www/html/projet/sakura-cafe/wp/wp-includes/plugin.php(465): WP_Hook->do_action(Array)
#6 /var/www/html/projet/sakura-cafe/wp/wp-admin/admin.php(253): do_action('settings_page_m...')
#7 /var/www/html/projet/ dans /var/www/html/projet/sakura-cafe/wp/wp-includes/wp-db.php à la ligne 1295

2019-03-29T10:02:34+00:00 CRITICAL Uncaught ArgumentCountError: Too few arguments to function wpdb::prepare(), 1 passed in /var/www/html/projet/sakura-cafe/content/plugins/my-gmap/my-gmap.php on line 150 and exactly 2 expected in /var/www/html/projet/sakura-cafe/wp/wp-includes/wp-db.php:1295
Stack trace:
#0 /var/www/html/projet/sakura-cafe/content/plugins/my-gmap/my-gmap.php(150): wpdb->prepare('SELECT * FROM w...')
#1 /var/www/html/projet/sakura-cafe/content/plugins/my-gmap/template.php(25): My_Gmap->getmaplist()
#2 /var/www/html/projet/sakura-cafe/content/plugins/my-gmap/my-gmap.php(48): require_once('/var/www/html/p...')
#3 /var/www/html/projet/sakura-cafe/wp/wp-includes/class-wp-hook.php(286): My_Gmap->gmap_admin_page('')
#4 /var/www/html/projet/sakura-cafe/wp/wp-includes/class-wp-hook.php(310): WP_Hook->apply_filters('', Array)
#5 /var/www/html/projet/sakura-cafe/wp/wp-includes/plugin.php(465): WP_Hook->do_action(Array)
#6 /var/www/html/projet/sakura-cafe/wp/wp-admin/admin.php(253): do_action('settings_page_m...')
#7 /var/www/html/projet/ dans /var/www/html/projet/sakura-cafe/wp/wp-includes/wp-db.php à la ligne 1295

2019-03-29T10:05:53+00:00 CRITICAL Uncaught ArgumentCountError: Too few arguments to function wpdb::prepare(), 1 passed in /var/www/html/projet/sakura-cafe/content/plugins/my-gmap/my-gmap.php on line 150 and exactly 2 expected in /var/www/html/projet/sakura-cafe/wp/wp-includes/wp-db.php:1295
Stack trace:
#0 /var/www/html/projet/sakura-cafe/content/plugins/my-gmap/my-gmap.php(150): wpdb->prepare('SELECT * FROM w...')
#1 /var/www/html/projet/sakura-cafe/content/plugins/my-gmap/template.php(25): My_Gmap->getmaplist()
#2 /var/www/html/projet/sakura-cafe/content/plugins/my-gmap/my-gmap.php(48): require_once('/var/www/html/p...')
#3 /var/www/html/projet/sakura-cafe/wp/wp-includes/class-wp-hook.php(286): My_Gmap->gmap_admin_page('')
#4 /var/www/html/projet/sakura-cafe/wp/wp-includes/class-wp-hook.php(310): WP_Hook->apply_filters('', Array)
#5 /var/www/html/projet/sakura-cafe/wp/wp-includes/plugin.php(465): WP_Hook->do_action(Array)
#6 /var/www/html/projet/sakura-cafe/wp/wp-admin/admin.php(253): do_action('settings_page_m...')
#7 /var/www/html/projet/ dans /var/www/html/projet/sakura-cafe/wp/wp-includes/wp-db.php à la ligne 1295

2019-03-29T10:06:35+00:00 CRITICAL Uncaught ArgumentCountError: Too few arguments to function wpdb::prepare(), 1 passed in /var/www/html/projet/sakura-cafe/content/plugins/my-gmap/my-gmap.php on line 150 and exactly 2 expected in /var/www/html/projet/sakura-cafe/wp/wp-includes/wp-db.php:1295
Stack trace:
#0 /var/www/html/projet/sakura-cafe/content/plugins/my-gmap/my-gmap.php(150): wpdb->prepare('SELECT * FROM w...')
#1 /var/www/html/projet/sakura-cafe/content/plugins/my-gmap/template.php(25): My_Gmap->getmaplist()
#2 /var/www/html/projet/sakura-cafe/content/plugins/my-gmap/my-gmap.php(48): require_once('/var/www/html/p...')
#3 /var/www/html/projet/sakura-cafe/wp/wp-includes/class-wp-hook.php(286): My_Gmap->gmap_admin_page('')
#4 /var/www/html/projet/sakura-cafe/wp/wp-includes/class-wp-hook.php(310): WP_Hook->apply_filters('', Array)
#5 /var/www/html/projet/sakura-cafe/wp/wp-includes/plugin.php(465): WP_Hook->do_action(Array)
#6 /var/www/html/projet/sakura-cafe/wp/wp-admin/admin.php(253): do_action('settings_page_m...')
#7 /var/www/html/projet/ dans /var/www/html/projet/sakura-cafe/wp/wp-includes/wp-db.php à la ligne 1295

2019-03-29T10:08:16+00:00 CRITICAL Uncaught ArgumentCountError: Too few arguments to function wpdb::prepare(), 1 passed in /var/www/html/projet/sakura-cafe/content/plugins/my-gmap/my-gmap.php on line 150 and exactly 2 expected in /var/www/html/projet/sakura-cafe/wp/wp-includes/wp-db.php:1295
Stack trace:
#0 /var/www/html/projet/sakura-cafe/content/plugins/my-gmap/my-gmap.php(150): wpdb->prepare('SELECT * FROM w...')
#1 /var/www/html/projet/sakura-cafe/content/plugins/my-gmap/template.php(25): My_Gmap->getmaplist()
#2 /var/www/html/projet/sakura-cafe/content/plugins/my-gmap/my-gmap.php(48): require_once('/var/www/html/p...')
#3 /var/www/html/projet/sakura-cafe/wp/wp-includes/class-wp-hook.php(286): My_Gmap->gmap_admin_page('')
#4 /var/www/html/projet/sakura-cafe/wp/wp-includes/class-wp-hook.php(310): WP_Hook->apply_filters('', Array)
#5 /var/www/html/projet/sakura-cafe/wp/wp-includes/plugin.php(465): WP_Hook->do_action(Array)
#6 /var/www/html/projet/sakura-cafe/wp/wp-admin/admin.php(253): do_action('settings_page_m...')
#7 /var/www/html/projet/ dans /var/www/html/projet/sakura-cafe/wp/wp-includes/wp-db.php à la ligne 1295

2019-03-29T10:09:27+00:00 CRITICAL Uncaught ArgumentCountError: Too few arguments to function wpdb::prepare(), 1 passed in /var/www/html/projet/sakura-cafe/content/plugins/my-gmap/my-gmap.php on line 150 and exactly 2 expected in /var/www/html/projet/sakura-cafe/wp/wp-includes/wp-db.php:1295
Stack trace:
#0 /var/www/html/projet/sakura-cafe/content/plugins/my-gmap/my-gmap.php(150): wpdb->prepare('SELECT * FROM w...')
#1 /var/www/html/projet/sakura-cafe/content/plugins/my-gmap/template.php(25): My_Gmap->getmaplist()
#2 /var/www/html/projet/sakura-cafe/content/plugins/my-gmap/my-gmap.php(48): require_once('/var/www/html/p...')
#3 /var/www/html/projet/sakura-cafe/wp/wp-includes/class-wp-hook.php(286): My_Gmap->gmap_admin_page('')
#4 /var/www/html/projet/sakura-cafe/wp/wp-includes/class-wp-hook.php(310): WP_Hook->apply_filters('', Array)
#5 /var/www/html/projet/sakura-cafe/wp/wp-includes/plugin.php(465): WP_Hook->do_action(Array)
#6 /var/www/html/projet/sakura-cafe/wp/wp-admin/admin.php(253): do_action('settings_page_m...')
#7 /var/www/html/projet/ dans /var/www/html/projet/sakura-cafe/wp/wp-includes/wp-db.php à la ligne 1295

2019-03-29T10:14:11+00:00 CRITICAL Uncaught ArgumentCountError: Too few arguments to function wpdb::prepare(), 1 passed in /var/www/html/projet/sakura-cafe/content/plugins/my-gmap/my-gmap.php on line 150 and exactly 2 expected in /var/www/html/projet/sakura-cafe/wp/wp-includes/wp-db.php:1295
Stack trace:
#0 /var/www/html/projet/sakura-cafe/content/plugins/my-gmap/my-gmap.php(150): wpdb->prepare('SELECT * FROM w...')
#1 /var/www/html/projet/sakura-cafe/content/plugins/my-gmap/template.php(25): My_Gmap->getmaplist()
#2 /var/www/html/projet/sakura-cafe/content/plugins/my-gmap/my-gmap.php(48): require_once('/var/www/html/p...')
#3 /var/www/html/projet/sakura-cafe/wp/wp-includes/class-wp-hook.php(286): My_Gmap->gmap_admin_page('')
#4 /var/www/html/projet/sakura-cafe/wp/wp-includes/class-wp-hook.php(310): WP_Hook->apply_filters('', Array)
#5 /var/www/html/projet/sakura-cafe/wp/wp-includes/plugin.php(465): WP_Hook->do_action(Array)
#6 /var/www/html/projet/sakura-cafe/wp/wp-admin/admin.php(253): do_action('settings_page_m...')
#7 /var/www/html/projet/ dans /var/www/html/projet/sakura-cafe/wp/wp-includes/wp-db.php à la ligne 1295

