2019-03-20T13:28:25+00:00 DEBUG 
====Stripe Version: 4.1.15====
====Start Log====
Keys are not set correctly.
====End Log====


2019-03-20T13:29:49+00:00 DEBUG 
====Stripe Version: 4.1.15====
====Start Log====
Keys are not set correctly.
====End Log====


2019-03-20T13:34:31+00:00 DEBUG 
====Stripe Version: 4.1.15====
====Start Log====
Keys are not set correctly.
====End Log====


2019-03-20T13:34:53+00:00 DEBUG 
====Stripe Version: 4.1.15====
====Start Log====
Keys are not set correctly.
====End Log====


2019-03-20T14:21:38+00:00 DEBUG 
====Stripe Version: 4.1.15====
====Start Log====
Keys are not set correctly.
====End Log====


2019-03-20T14:22:20+00:00 DEBUG 
====Stripe Version: 4.1.15====
====Start Log====
Keys are not set correctly.
====End Log====


2019-03-20T14:52:35+00:00 DEBUG 
====Stripe Version: 4.1.15====
====Start Log====
Keys are not set correctly.
====End Log====


2019-03-20T14:52:48+00:00 DEBUG 
====Stripe Version: 4.1.15====
====Start Log====
Keys are not set correctly.
====End Log====


2019-03-20T15:18:57+00:00 DEBUG 
====Stripe Version: 4.1.15====
====Start Log====
Keys are not set correctly.
====End Log====


2019-03-20T15:20:00+00:00 DEBUG 
====Stripe Version: 4.1.15====
====Start Log====
Keys are not set correctly.
====End Log====


2019-03-20T16:59:27+00:00 DEBUG 
====Stripe Version: 4.1.15====
====Start Log====
Keys are not set correctly.
====End Log====


