2019-03-22T11:33:51+00:00 DEBUG 
====Stripe Version: 4.1.15====
====Start Log====
Keys are not set correctly.
====End Log====


2019-03-22T11:36:54+00:00 DEBUG 
====Stripe Version: 4.1.15====
====Start Log====
Keys are not set correctly.
====End Log====


2019-03-22T13:56:01+00:00 DEBUG 
====Stripe Version: 4.1.15====
====Start Log====
Keys are not set correctly.
====End Log====


2019-03-22T13:56:53+00:00 DEBUG 
====Stripe Version: 4.1.15====
====Start Log====
Keys are not set correctly.
====End Log====


2019-03-22T15:08:54+00:00 DEBUG 
====Stripe Version: 4.1.15====
====Start Log====
Keys are not set correctly.
====End Log====


2019-03-22T15:09:24+00:00 DEBUG 
====Stripe Version: 4.1.15====
====Start Log====
Keys are not set correctly.
====End Log====


